

> @full-stack-template-typescript-turbo-repo/backend@1.0.0 lint
> eslint .

[0m[0m
[0m[4m/Users/ethanpineda/Desktop/Develop & Inovate for Social Change/full-stack-template-typescript/apps/backend/controllers/authController.ts[24m[0m
[0m   [2m12:43[22m  [31merror[39m    The `{}` ("empty object") type allows any non-nullish value, including literals like `0` and `""`.[0m
[0m- If that's what you want, disable this lint rule with an inline comment or configure the 'allowObjectTypes' rule option.[0m
[0m- If you want a type meaning "any object", you probably want `object` instead.[0m
[0m- If you want a type meaning "any value", you probably want `unknown` instead  [2m@typescript-eslint/no-empty-object-type[22m[0m
[0m   [2m12:47[22m  [31merror[39m    The `{}` ("empty object") type allows any non-nullish value, including literals like `0` and `""`.[0m
[0m- If that's what you want, disable this lint rule with an inline comment or configure the 'allowObjectTypes' rule option.[0m
[0m- If you want a type meaning "any object", you probably want `object` instead.[0m
[0m- If you want a type meaning "any value", you probably want `unknown` instead  [2m@typescript-eslint/no-empty-object-type[22m[0m
[0m   [2m56:5[22m   [33mwarning[39m  Unexpected console statement                                                                                                                                                                                                                                                                                                                                                               [2mno-console[22m[0m
[0m   [2m61:42[22m  [31merror[39m    The `{}` ("empty object") type allows any non-nullish value, including literals like `0` and `""`.[0m
[0m- If that's what you want, disable this lint rule with an inline comment or configure the 'allowObjectTypes' rule option.[0m
[0m- If you want a type meaning "any object", you probably want `object` instead.[0m
[0m- If you want a type meaning "any value", you probably want `unknown` instead  [2m@typescript-eslint/no-empty-object-type[22m[0m
[0m   [2m61:46[22m  [31merror[39m    The `{}` ("empty object") type allows any non-nullish value, including literals like `0` and `""`.[0m
[0m- If that's what you want, disable this lint rule with an inline comment or configure the 'allowObjectTypes' rule option.[0m
[0m- If you want a type meaning "any object", you probably want `object` instead.[0m
[0m- If you want a type meaning "any value", you probably want `unknown` instead  [2m@typescript-eslint/no-empty-object-type[22m[0m
[0m   [2m72:5[22m   [33mwarning[39m  Unexpected console statement                                                                                                                                                                                                                                                                                                                                                               [2mno-console[22m[0m
[0m   [2m86:5[22m   [33mwarning[39m  Unexpected console statement                                                                                                                                                                                                                                                                                                                                                               [2mno-console[22m[0m
[0m  [2m101:5[22m   [33mwarning[39m  Unexpected console statement                                                                                                                                                                                                                                                                                                                                                               [2mno-console[22m[0m
[0m  [2m110:5[22m   [33mwarning[39m  Unexpected console statement                                                                                                                                                                                                                                                                                                                                                               [2mno-console[22m[0m
[0m  [2m118:7[22m   [33mwarning[39m  Unexpected console statement                                                                                                                                                                                                                                                                                                                                                               [2mno-console[22m[0m
[0m  [2m128:5[22m   [33mwarning[39m  Unexpected console statement                                                                                                                                                                                                                                                                                                                                                               [2mno-console[22m[0m
[0m  [2m141:5[22m   [33mwarning[39m  Unexpected console statement                                                                                                                                                                                                                                                                                                                                                               [2mno-console[22m[0m
[0m  [2m154:5[22m   [33mwarning[39m  Unexpected console statement                                                                                                                                                                                                                                                                                                                                                               [2mno-console[22m[0m
[0m  [2m198:5[22m   [33mwarning[39m  Unexpected console statement                                                                                                                                                                                                                                                                                                                                                               [2mno-console[22m[0m
[0m  [2m205:5[22m   [33mwarning[39m  Unexpected console statement                                                                                                                                                                                                                                                                                                                                                               [2mno-console[22m[0m
[0m  [2m212:7[22m   [33mwarning[39m  Unexpected console statement                                                                                                                                                                                                                                                                                                                                                               [2mno-console[22m[0m
[0m  [2m219:5[22m   [33mwarning[39m  Unexpected console statement                                                                                                                                                                                                                                                                                                                                                               [2mno-console[22m[0m
[0m  [2m226:5[22m   [33mwarning[39m  Unexpected console statement                                                                                                                                                                                                                                                                                                                                                               [2mno-console[22m[0m
[0m  [2m239:5[22m   [33mwarning[39m  Unexpected console statement                                                                                                                                                                                                                                                                                                                                                               [2mno-console[22m[0m
[0m  [2m242:5[22m   [33mwarning[39m  Unexpected console statement                                                                                                                                                                                                                                                                                                                                                               [2mno-console[22m[0m
[0m  [2m249:5[22m   [33mwarning[39m  Unexpected console statement                                                                                                                                                                                                                                                                                                                                                               [2mno-console[22m[0m
[0m  [2m263:5[22m   [33mwarning[39m  Unexpected console statement                                                                                                                                                                                                                                                                                                                                                               [2mno-console[22m[0m
[0m  [2m272:7[22m   [33mwarning[39m  Unexpected console statement                                                                                                                                                                                                                                                                                                                                                               [2mno-console[22m[0m
[0m  [2m277:7[22m   [33mwarning[39m  Unexpected console statement                                                                                                                                                                                                                                                                                                                                                               [2mno-console[22m[0m
[0m  [2m292:9[22m   [33mwarning[39m  Unexpected console statement                                                                                                                                                                                                                                                                                                                                                               [2mno-console[22m[0m
[0m  [2m296:7[22m   [33mwarning[39m  Unexpected console statement                                                                                                                                                                                                                                                                                                                                                               [2mno-console[22m[0m
[0m  [2m298:7[22m   [33mwarning[39m  Unexpected console statement                                                                                                                                                                                                                                                                                                                                                               [2mno-console[22m[0m
[0m  [2m311:5[22m   [33mwarning[39m  Unexpected console statement                                                                                                                                                                                                                                                                                                                                                               [2mno-console[22m[0m
[0m  [2m318:48[22m  [31merror[39m    The `{}` ("empty object") type allows any non-nullish value, including literals like `0` and `""`.[0m
[0m- If that's what you want, disable this lint rule with an inline comment or configure the 'allowObjectTypes' rule option.[0m
[0m- If you want a type meaning "any object", you probably want `object` instead.[0m
[0m- If you want a type meaning "any value", you probably want `unknown` instead  [2m@typescript-eslint/no-empty-object-type[22m[0m
[0m  [2m318:52[22m  [31merror[39m    The `{}` ("empty object") type allows any non-nullish value, including literals like `0` and `""`.[0m
[0m- If that's what you want, disable this lint rule with an inline comment or configure the 'allowObjectTypes' rule option.[0m
[0m- If you want a type meaning "any object", you probably want `object` instead.[0m
[0m- If you want a type meaning "any value", you probably want `unknown` instead  [2m@typescript-eslint/no-empty-object-type[22m[0m
[0m  [2m321:5[22m   [33mwarning[39m  Unexpected console statement                                                                                                                                                                                                                                                                                                                                                               [2mno-console[22m[0m
[0m  [2m334:7[22m   [33mwarning[39m  Unexpected console statement                                                                                                                                                                                                                                                                                                                                                               [2mno-console[22m[0m
[0m  [2m338:5[22m   [33mwarning[39m  Unexpected console statement                                                                                                                                                                                                                                                                                                                                                               [2mno-console[22m[0m
[0m  [2m350:5[22m   [33mwarning[39m  Unexpected console statement                                                                                                                                                                                                                                                                                                                                                               [2mno-console[22m[0m
[0m  [2m356:7[22m   [33mwarning[39m  Unexpected console statement                                                                                                                                                                                                                                                                                                                                                               [2mno-console[22m[0m
[0m  [2m375:9[22m   [33mwarning[39m  Unexpected console statement                                                                                                                                                                                                                                                                                                                                                               [2mno-console[22m[0m
[0m  [2m379:7[22m   [33mwarning[39m  Unexpected console statement                                                                                                                                                                                                                                                                                                                                                               [2mno-console[22m[0m
[0m  [2m390:5[22m   [33mwarning[39m  Unexpected console statement                                                                                                                                                                                                                                                                                                                                                               [2mno-console[22m[0m
[0m  [2m393:5[22m   [33mwarning[39m  Unexpected console statement                                                                                                                                                                                                                                                                                                                                                               [2mno-console[22m[0m
[0m  [2m399:16[22m  [31merror[39m    The `{}` ("empty object") type allows any non-nullish value, including literals like `0` and `""`.[0m
[0m- If that's what you want, disable this lint rule with an inline comment or configure the 'allowObjectTypes' rule option.[0m
[0m- If you want a type meaning "any object", you probably want `object` instead.[0m
[0m- If you want a type meaning "any value", you probably want `unknown` instead  [2m@typescript-eslint/no-empty-object-type[22m[0m
[0m  [2m399:20[22m  [31merror[39m    The `{}` ("empty object") type allows any non-nullish value, including literals like `0` and `""`.[0m
[0m- If that's what you want, disable this lint rule with an inline comment or configure the 'allowObjectTypes' rule option.[0m
[0m- If you want a type meaning "any object", you probably want `object` instead.[0m
[0m- If you want a type meaning "any value", you probably want `unknown` instead  [2m@typescript-eslint/no-empty-object-type[22m[0m
[0m  [2m413:5[22m   [33mwarning[39m  Unexpected console statement                                                                                                                                                                                                                                                                                                                                                               [2mno-console[22m[0m
[0m  [2m420:7[22m   [33mwarning[39m  Unexpected console statement                                                                                                                                                                                                                                                                                                                                                               [2mno-console[22m[0m
[0m  [2m429:5[22m   [33mwarning[39m  Unexpected console statement                                                                                                                                                                                                                                                                                                                                                               [2mno-console[22m[0m
[0m  [2m440:7[22m   [33mwarning[39m  Unexpected console statement                                                                                                                                                                                                                                                                                                                                                               [2mno-console[22m[0m
[0m  [2m455:7[22m   [33mwarning[39m  Unexpected console statement                                                                                                                                                                                                                                                                                                                                                               [2mno-console[22m[0m
[0m  [2m473:5[22m   [33mwarning[39m  Unexpected console statement                                                                                                                                                                                                                                                                                                                                                               [2mno-console[22m[0m
[0m  [2m483:16[22m  [31merror[39m    The `{}` ("empty object") type allows any non-nullish value, including literals like `0` and `""`.[0m
[0m- If that's what you want, disable this lint rule with an inline comment or configure the 'allowObjectTypes' rule option.[0m
[0m- If you want a type meaning "any object", you probably want `object` instead.[0m
[0m- If you want a type meaning "any value", you probably want `unknown` instead  [2m@typescript-eslint/no-empty-object-type[22m[0m
[0m  [2m483:20[22m  [31merror[39m    The `{}` ("empty object") type allows any non-nullish value, including literals like `0` and `""`.[0m
[0m- If that's what you want, disable this lint rule with an inline comment or configure the 'allowObjectTypes' rule option.[0m
[0m- If you want a type meaning "any object", you probably want `object` instead.[0m
[0m- If you want a type meaning "any value", you probably want `unknown` instead  [2m@typescript-eslint/no-empty-object-type[22m[0m
[0m  [2m505:15[22m  [31merror[39m    'session' is assigned a value but never used                                                                                                                                                                                                                                                                                                                                               [2m@typescript-eslint/no-unused-vars[22m[0m
[0m  [2m513:7[22m   [33mwarning[39m  Unexpected console statement                                                                                                                                                                                                                                                                                                                                                               [2mno-console[22m[0m
[0m  [2m523:7[22m   [33mwarning[39m  Unexpected console statement                                                                                                                                                                                                                                                                                                                                                               [2mno-console[22m[0m
[0m  [2m533:5[22m   [33mwarning[39m  Unexpected console statement                                                                                                                                                                                                                                                                                                                                                               [2mno-console[22m[0m
[0m[0m
[0m[4m/Users/ethanpineda/Desktop/Develop & Inovate for Social Change/full-stack-template-typescript/apps/backend/middleware/authMiddleware.ts[24m[0m
[0m  [2m34:5[22m  [33mwarning[39m  Unexpected console statement  [2mno-console[22m[0m
[0m[0m
[0m[4m/Users/ethanpineda/Desktop/Develop & Inovate for Social Change/full-stack-template-typescript/apps/backend/server.ts[24m[0m
[0m  [2m42:3[22m  [33mwarning[39m  Unexpected console statement  [2mno-console[22m[0m
[0m  [2m67:3[22m  [33mwarning[39m  Unexpected console statement  [2mno-console[22m[0m
[0m  [2m80:3[22m  [33mwarning[39m  Unexpected console statement  [2mno-console[22m[0m
[0m  [2m81:3[22m  [33mwarning[39m  Unexpected console statement  [2mno-console[22m[0m
[0m  [2m82:3[22m  [33mwarning[39m  Unexpected console statement  [2mno-console[22m[0m
[0m[0m
[0m[4m/Users/ethanpineda/Desktop/Develop & Inovate for Social Change/full-stack-template-typescript/apps/backend/types.ts[24m[0m
[0m  [2m52:18[22m  [33mwarning[39m  Unexpected any. Specify a different type  [2m@typescript-eslint/no-explicit-any[22m[0m
[0m[0m
[0m[31m[1m✖ 60 problems (11 errors, 49 warnings)[22m[39m[0m
[0m[31m[1m[22m[39m[0m
[37;40mnpm[0m [0m[31;40mERR![0m [0m[35mLifecycle script `lint` failed with error:[0m 
[0m[37;40mnpm[0m [0m[31;40mERR![0m [0m[35mError: command failed[0m 
[0m[37;40mnpm[0m [0m[31;40mERR![0m [0m[35m  in workspace: @full-stack-template-typescript-turbo-repo/backend@1.0.0[0m 
[0m[37;40mnpm[0m [0m[31;40mERR![0m [0m[35m  at location: /Users/ethanpineda/Desktop/Develop & Inovate for Social Change/full-stack-template-typescript/apps/backend[0m 
[0m
